[debug] [2022-06-24T13:03:06.263Z] ----------------------------------------------------------------------
[debug] [2022-06-24T13:03:06.264Z] Command:       C:\Program Files\nodejs\node.exe C:\Users\Aayushi\AppData\Roaming\npm\node_modules\firebase-tools\lib\bin\firebase.js init
[debug] [2022-06-24T13:03:06.264Z] CLI Version:   11.1.0
[debug] [2022-06-24T13:03:06.265Z] Platform:      win32
[debug] [2022-06-24T13:03:06.265Z] Node Version:  v16.13.0
[debug] [2022-06-24T13:03:06.265Z] Time:          Fri Jun 24 2022 18:33:06 GMT+0530 (India Standard Time)
[debug] [2022-06-24T13:03:06.266Z] ----------------------------------------------------------------------
[debug] 
[debug] [2022-06-24T13:03:06.313Z] > command requires scopes: ["email","openid","https://www.googleapis.com/auth/cloudplatformprojects.readonly","https://www.googleapis.com/auth/firebase","https://www.googleapis.com/auth/cloud-platform"]
[debug] [2022-06-24T13:03:06.314Z] > authorizing via signed-in user (aayushitalwar02@gmail.com)
[info] 
     ######## #### ########  ######## ########     ###     ######  ########
     ##        ##  ##     ## ##       ##     ##  ##   ##  ##       ##
     ######    ##  ########  ######   ########  #########  ######  ######
     ##        ##  ##    ##  ##       ##     ## ##     ##       ## ##
     ##       #### ##     ## ######## ########  ##     ##  ######  ########

You're about to initialize a Firebase project in this directory:

  C:\Users\Aayushi\Desktop\Covid-19-Tracker

Before we get started, keep in mind:

  * You are initializing within an existing Firebase project directory

